<?xml version="1.0" encoding="utf-8"?><testsuites name="pytest tests"><testsuite name="pytest" errors="0" failures="0" skipped="0" tests="15" time="8.874" timestamp="2026-09-24T23:20:37.919959+00:00" hostname="agent-env-1364d24c-2629-41c4-b227-b4ccdd97873e"><testcase classname="tests.test_block5_discovery.TestOffersStorefront" name="test_verified_creator_offers_have_three_tiers" time="1.089" /><testcase classname="tests.test_block5_discovery.TestTagRegistry" name="test_free_user_tag_cap_dedupe_singularise" time="0.492" /><testcase classname="tests.test_block5_discovery.TestTagRegistry" name="test_explicit_freeform_tag_blocked_400" time="0.322" /><testcase classname="tests.test_block5_discovery.TestTagRegistry" name="test_hate_slur_blocked_generic_message" time="0.319" /><testcase classname="tests.test_block5_discovery.TestOffersStorefront" name="test_storefront_lists_active_products" time="0.978" /><testcase classname="tests.test_block5_discovery.TestTagRegistry" name="test_trending_and_similar_tags" time="0.958" /><testcase classname="tests.test_block5_discovery.TestOffersStorefront" name="test_inner_circle_checkout_url_and_psp" time="0.805" /><testcase classname="tests.test_block5_discovery.TestChoices" name="test_default_opt_out_returns_empty" time="0.289" /><testcase classname="tests.test_block5_discovery.TestChoices" name="test_opt_in_returns_lists_and_sponsored_only_here" time="3.925" /><testcase classname="tests.test_block5_discovery.TestOffersStorefront" name="test_nsfw_creator_routes_checkout_to_ccbill" time="1.009" /><testcase classname="tests.test_block5_discovery.TestNsfwSelector" name="test_unverified_nsfw_tags_403_and_endpoint_returns_empty" time="0.465" /><testcase classname="tests.test_block5_discovery.TestNsfwSelector" name="test_verified_adult_with_comfort_on_can_post_nsfw" time="1.085" /><testcase classname="tests.test_block5_discovery.TestRegression" name="test_me_feed_entitlements_and_simple_post" time="0.789" /><testcase classname="tests.test_block5_discovery.TestChoices" name="test_nsfw_hidden_from_ineligible_in_choices" time="1.265" /><testcase classname="tests.test_block5_discovery.TestAutoWatchlist" name="test_three_blocked_attempts_add_user_to_admin_watchlist" time="0.958" /></testsuite></testsuites>