<?xml version="1.0" encoding="utf-8"?><testsuites name="pytest tests"><testsuite name="pytest" errors="0" failures="0" skipped="0" tests="14" time="7.664" timestamp="2026-09-24T22:54:24.011253+00:00" hostname="agent-env-1364d24c-2629-41c4-b227-b4ccdd97873e"><testcase classname="tests.test_block4_creator_hub.TestVerifiedBadge" name="test_verified_true_for_identity_verified_creator" time="0.795" /><testcase classname="tests.test_block4_creator_hub.TestVerifiedBadge" name="test_verified_false_for_unverified_user" time="0.307" /><testcase classname="tests.test_block4_creator_hub.TestVerifiedBadge" name="test_post_author_verified_flag" time="0.851" /><testcase classname="tests.test_block4_creator_hub.TestFinance" name="test_finance_totals_shape" time="1.673" /><testcase classname="tests.test_block4_creator_hub.TestFinance" name="test_finance_csv_export" time="0.164" /><testcase classname="tests.test_block4_creator_hub.TestFinance" name="test_finance_tax_docs" time="0.121" /><testcase classname="tests.test_block4_creator_hub.TestShop" name="test_digital_shop_flow_end_to_end" time="1.501" /><testcase classname="tests.test_block4_creator_hub.TestPayouts" name="test_payout_settings_persist" time="0.698" /><testcase classname="tests.test_block4_creator_hub.TestPayouts" name="test_first_payout_request_returns_202_kyc_required" time="1.087" /><testcase classname="tests.test_block4_creator_hub.TestShop" name="test_shop_order_routes_ccbill_after_nsfw_flip" time="1.001" /><testcase classname="tests.test_block4_creator_hub.TestOverview" name="test_overview_after_subscription_and_tip" time="0.129" /><testcase classname="tests.test_block4_creator_hub.TestSubscribers" name="test_subscribers_list_contains_buyer" time="0.162" /><testcase classname="tests.test_block4_creator_hub.TestGating" name="test_gating_403_then_200" time="2.261" /><testcase classname="tests.test_block4_creator_hub.TestRegression" name="test_me_feed_entitlements" time="0.606" /></testsuite></testsuites>