<?xml version="1.0" encoding="utf-8"?><testsuites name="pytest tests"><testsuite name="pytest" errors="0" failures="0" skipped="0" tests="15" time="6.095" timestamp="2026-09-24T22:39:29.994188+00:00" hostname="agent-env-1364d24c-2629-41c4-b227-b4ccdd97873e"><testcase classname="tests.test_block2_block3.TestBlock3Payments" name="test_fresh_user_entitlements_empty" time="0.597" /><testcase classname="tests.test_block2_block3.TestBlock2Verification" name="test_new_user_unverified_and_monetisation_locked" time="0.603" /><testcase classname="tests.test_block2_block3.TestBlock3Payments" name="test_premium_checkout_quote_and_psp" time="0.385" /><testcase classname="tests.test_block2_block3.TestBlock2Verification" name="test_verification_start_sets_pending" time="0.486" /><testcase classname="tests.test_block2_block3.TestBlock3Payments" name="test_inner_circle_quote_and_stripe_when_sfw" time="0.917" /><testcase classname="tests.test_block2_block3.TestBlock2Verification" name="test_unsigned_yoti_webhook_rejected" time="0.166" /><testcase classname="tests.test_block2_block3.TestBlock2Verification" name="test_wrong_signature_yoti_webhook_rejected" time="0.158" /><testcase classname="tests.test_block2_block3.TestBlock2Verification" name="test_signed_yoti_oneid_flip_monetisation_true" time="0.759" /><testcase classname="tests.test_block2_block3.TestBlock3Payments" name="test_stripe_webhook_unsigned_rejected" time="0.122" /><testcase classname="tests.test_block2_block3.TestBlock3Payments" name="test_stripe_webhook_fulfils_premium" time="0.590" /><testcase classname="tests.test_block2_block3.TestBlock2Verification" name="test_minor_age_verified_forced_failed" time="0.492" /><testcase classname="tests.test_block2_block3.TestBlock3Payments" name="test_nsfw_flip_routes_tip_to_ccbill_with_tip_fee" time="0.891" /><testcase classname="tests.test_block2_block3.TestRegression" name="test_register_login_me_feed" time="0.597" /><testcase classname="tests.test_block2_block3.TestBlock3Payments" name="test_chargeback_clawback" time="1.364" /><testcase classname="tests.test_block2_block3.TestBlock3Payments" name="test_require_monetisation_creator_finance" time="0.918" /></testsuite></testsuites>