<?xml version="1.0" encoding="utf-8"?><testsuites name="pytest tests"><testsuite name="pytest" errors="0" failures="0" skipped="0" tests="22" time="6.119" timestamp="2026-09-24T22:07:57.521303+00:00" hostname="agent-env-1364d24c-2629-41c4-b227-b4ccdd97873e"><testcase classname="tests.test_block1_hardening.TestRebrand" name="test_service_name" time="0.273" /><testcase classname="tests.test_block1_hardening.TestRebrand" name="test_health_db_name" time="0.153" /><testcase classname="tests.test_block1_hardening.TestAuth" name="test_register_and_login_new_user" time="0.344" /><testcase classname="tests.test_block1_hardening.TestAuth" name="test_register_requires_dob" time="0.157" /><testcase classname="tests.test_block1_hardening.TestAuth" name="test_register_underage_blocked" time="0.138" /><testcase classname="tests.test_block1_hardening.TestAuth" name="test_seed_admin_login" time="0.337" /><testcase classname="tests.test_block1_hardening.TestBoardTierAccess" name="test_public_board_readable_by_stranger" time="0.620" /><testcase classname="tests.test_block1_hardening.TestBoardTierAccess" name="test_restricted_board_blocked_for_stranger[followers]" time="0.515" /><testcase classname="tests.test_block1_hardening.TestBoardTierAccess" name="test_restricted_board_blocked_for_stranger[inner]" time="0.578" /><testcase classname="tests.test_block1_hardening.TestCsamStepUp" name="test_csam_missing_header_forbidden" time="0.153" /><testcase classname="tests.test_block1_hardening.TestCsamStepUp" name="test_csam_wrong_header_forbidden" time="0.131" /><testcase classname="tests.test_block1_hardening.TestCsamStepUp" name="test_csam_correct_header_ok" time="0.128" /><testcase classname="tests.test_block1_hardening.TestCsamStepUp" name="test_csam_non_admin_with_correct_header_still_forbidden" time="0.164" /><testcase classname="tests.test_block1_hardening.TestCsamStepUp" name="test_csam_escalate_requires_stepup" time="0.303" /><testcase classname="tests.test_block1_hardening.TestDmAndInvestigate" name="test_dms_missing_legal_basis_rejected" time="0.283" /><testcase classname="tests.test_block1_hardening.TestDmAndInvestigate" name="test_investigate_short_legal_basis_rejected" time="0.118" /><testcase classname="tests.test_block1_hardening.TestDmAndInvestigate" name="test_dms_non_flagged_user_rejected" time="0.158" /><testcase classname="tests.test_block1_hardening.TestDmAndInvestigate" name="test_investigate_after_flag_succeeds_and_audits" time="0.419" /><testcase classname="tests.test_block1_hardening.TestDmAndInvestigate" name="test_dms_after_flag_succeeds_and_audits" time="0.414" /><testcase classname="tests.test_block1_hardening.TestRegression" name="test_me" time="0.146" /><testcase classname="tests.test_block1_hardening.TestRegression" name="test_feed_public" time="0.391" /><testcase classname="tests.test_block1_hardening.TestRegression" name="test_report_create" time="0.144" /></testsuite></testsuites>